ARM GAS  C:\Users\pg1415\AppData\Local\Temp\ccsoNQaF.s 			page 1


   1              	# 1 "src/startup_stm32f4xx.asm"
   1              	/**
   0              	
   2              	  ******************************************************************************
   0              	
   3              	  * @file      startup_stm32f429_439xx.s
   4              	  * @author    MCD Application Team
   5              	  * @version   V1.2.1
   6              	  * @date      19-September-2013
   7              	  * @brief     STM32F429xx/439xx Devices vector table for Atollic TrueSTUDIO toolchain.   
   8              	  *            This module performs:
   9              	  *                - Set the initial SP
  10              	  *                - Set the initial PC == Reset_Handler,
  11              	  *                - Set the vector table entries with the exceptions ISR address
  12              	  *                - Configure the clock system and the external SRAM mounted on 
  13              	  *                  STM324x9I-EVAL board to be used as data memory  
  14              	  *                  (optional, to be enabled by user)
  15              	  *                - Branches to main in the C library (which eventually
  16              	  *                  calls main()).
  17              	  *            After Reset the Cortex-M4 processor is in Thread mode,
  18              	  *            priority is Privileged, and the Stack is set to Main.
  19              	  ******************************************************************************
  20              	  * @attention
  21              	  *
  22              	  * <h2><center>&copy; COPYRIGHT 2013 STMicroelectronics</center></h2>
  23              	  *
  24              	  * Licensed under MCD-ST Liberty SW License Agreement V2, (the "License");
  25              	  * You may not use this file except in compliance with the License.
  26              	  * You may obtain a copy of the License at:
  27              	  *
  28              	  *        http://www.st.com/software_license_agreement_liberty_v2
  29              	  *
  30              	  * Unless required by applicable law or agreed to in writing, software 
  31              	  * distributed under the License is distributed on an "AS IS" BASIS, 
  32              	  * WITHOUT WARRANTIES OR CONDITIONS OF ANY KIND, either express or implied.
  33              	  * See the License for the specific language governing permissions and
  34              	  * limitations under the License.
  35              	  *
  36              	  ******************************************************************************
  37              	  */
  38              	    
  39              	  .syntax unified
  40              	  .cpu cortex-m3
  41              	  .fpu softvfp
  42              	  .thumb
  43              	
  44              	.global  g_pfnVectors
  45              	.global  Default_Handler
  46              	
  47              	/* start address for the initialization values of the .data section. 
  48              	defined in linker script */
  49 0000 00000000 	.word  _sidata
  50              	/* start address for the .data section. defined in linker script */  
  51 0004 00000000 	.word  _sdata
  52              	/* end address for the .data section. defined in linker script */
  53 0008 00000000 	.word  _edata
  54              	/* start address for the .bss section. defined in linker script */
ARM GAS  C:\Users\pg1415\AppData\Local\Temp\ccsoNQaF.s 			page 2


  55 000c 00000000 	.word  _sbss
  56              	/* end address for the .bss section. defined in linker script */
  57 0010 00000000 	.word  _ebss
  58              	/* stack used for SystemInit_ExtMemCtl; always internal RAM used */
  59              	
  60              	/**
  61              	 * @brief  This is the code that gets called when the processor first
  62              	 *          starts execution following a reset event. Only the absolutely
  63              	 *          necessary set is performed, after which the application
  64              	 *          supplied main() routine is called. 
  65              	 * @param  None
  66              	 * @retval : None
  67              	*/
  68              	
  69              	    .section  .text.Reset_Handler
  70              	  .weak  Reset_Handler
  71              	  .type  Reset_Handler, %function
  72              	Reset_Handler:  
  73              	
  74              	/* Copy the data segment initializers from flash to SRAM */  
  75 0000 0021     	  movs  r1, #0
  76 0002 00F004B8 	  b  LoopCopyDataInit
  77              	
  78              	CopyDataInit:
  79 0006 0C4B     	  ldr  r3, =_sidata
  80 0008 5B58     	  ldr  r3, [r3, r1]
  81 000a 4350     	  str  r3, [r0, r1]
  82 000c 0431     	  adds  r1, r1, #4
  83              	    
  84              	LoopCopyDataInit:
  85 000e 0B48     	  ldr  r0, =_sdata
  86 0010 0B4B     	  ldr  r3, =_edata
  87 0012 4218     	  adds  r2, r0, r1
  88 0014 9A42     	  cmp  r2, r3
  89 0016 FFF4F6AF 	  bcc  CopyDataInit
  90 001a 0A4A     	  ldr  r2, =_sbss
  91 001c 00F003B8 	  b  LoopFillZerobss
  92              	/* Zero fill the bss segment. */  
  93              	FillZerobss:
  94 0020 0023     	  movs  r3, #0
  95 0022 42F8043B 	  str  r3, [r2], #4
  96              	    
  97              	LoopFillZerobss:
  98 0026 084B     	  ldr  r3, = _ebss
  99 0028 9A42     	  cmp  r2, r3
 100 002a FFF4F9AF 	  bcc  FillZerobss
 101              	
 102              	/* Call the clock system intitialization function.*/
 103 002e FFF7FEFF 	  bl  SystemInit   
 104              	/* Call static constructors */
 105              	    /*bl __libc_init_array*/
 106              	/* Call the application's entry point.*/
 107 0032 FFF7FEFF 	  bl  main
 108 0036 7047     	  bx  lr    
 109              	.size  Reset_Handler, .-Reset_Handler
 110              	
 111              	/**
ARM GAS  C:\Users\pg1415\AppData\Local\Temp\ccsoNQaF.s 			page 3


 112              	 * @brief  This is the code that gets called when the processor receives an 
 113              	 *         unexpected interrupt.  This simply enters an infinite loop, preserving
 114              	 *         the system state for examination by a debugger.
 115              	 * @param  None     
 116              	 * @retval None       
 117              	*/
 118              	    .section  .text.Default_Handler,"ax",%progbits
 119              	Default_Handler:
 120              	Infinite_Loop:
 121 0000 FFF7FEBF 	  b  Infinite_Loop
 122              	  .size  Default_Handler, .-Default_Handler
 123              	/******************************************************************************
 124              	*
 125              	* The minimal vector table for a Cortex M3. Note that the proper constructs
 126              	* must be placed on this to ensure that it ends up at physical address
 127              	* 0x0000.0000.
 128              	* 
 129              	*******************************************************************************/
 130              	   .section  .isr_vector,"a",%progbits
 131              	  .type  g_pfnVectors, %object
 132              	  .size  g_pfnVectors, .-g_pfnVectors
 133              	    
 134              	    
 135              	g_pfnVectors:
 136 0000 00000000 	  .word  _estack
 137 0004 00000000 	  .word  Reset_Handler
 138 0008 00000000 	  .word  NMI_Handler
 139 000c 00000000 	  .word  HardFault_Handler
 140 0010 00000000 	  .word  MemManage_Handler
 141 0014 00000000 	  .word  BusFault_Handler
 142 0018 00000000 	  .word  UsageFault_Handler
 143 001c 00000000 	  .word  0
 144 0020 00000000 	  .word  0
 145 0024 00000000 	  .word  0
 146 0028 00000000 	  .word  0
 147 002c 00000000 	  .word  0
 148 0030 00000000 	  .word  DebugMon_Handler
 149 0034 00000000 	  .word  0
 150 0038 00000000 	  .word  0
 151 003c 00000000 	  .word  SysTick_Handler
 152              	  
 153              	  /* External Interrupts */
 154 0040 00000000 	  .word     WWDG_IRQHandler                   /* Window WatchDog                              */   
 155 0044 00000000 	  .word     PVD_IRQHandler                    /* PVD through EXTI Line detection              */   
 156 0048 00000000 	  .word     TAMP_STAMP_IRQHandler             /* Tamper and TimeStamps through the EXTI line  */   
 157 004c 00000000 	  .word     RTC_WKUP_IRQHandler               /* RTC Wakeup through the EXTI line             */   
 158 0050 00000000 	  .word     FLASH_IRQHandler                  /* FLASH                                        */   
 159 0054 00000000 	  .word     RCC_IRQHandler                    /* RCC                                          */   
 160 0058 00000000 	  .word     EXTI0_IRQHandler                  /* EXTI Line0                                   */   
 161 005c 00000000 	  .word     EXTI1_IRQHandler                  /* EXTI Line1                                   */   
 162 0060 00000000 	  .word     EXTI2_IRQHandler                  /* EXTI Line2                                   */   
 163 0064 00000000 	  .word     EXTI3_IRQHandler                  /* EXTI Line3                                   */   
 164 0068 00000000 	  .word     EXTI4_IRQHandler                  /* EXTI Line4                   */                   
 165 006c 00000000 	  .word     DMA1_Stream0_IRQHandler           /* DMA1 Stream 0                */                  
 166 0070 00000000 	  .word     DMA1_Stream1_IRQHandler           /* DMA1 Stream 1                */                   
 167 0074 00000000 	  .word     DMA1_Stream2_IRQHandler           /* DMA1 Stream 2                */                   
 168 0078 00000000 	  .word     DMA1_Stream3_IRQHandler           /* DMA1 Stream 3                */                   
ARM GAS  C:\Users\pg1415\AppData\Local\Temp\ccsoNQaF.s 			page 4


 169 007c 00000000 	  .word     DMA1_Stream4_IRQHandler           /* DMA1 Stream 4                */                   
 170 0080 00000000 	  .word     DMA1_Stream5_IRQHandler           /* DMA1 Stream 5                */                   
 171 0084 00000000 	  .word     DMA1_Stream6_IRQHandler           /* DMA1 Stream 6                */                   
 172 0088 00000000 	  .word     ADC_IRQHandler                    /* ADC1, ADC2 and ADC3s         */                   
 173 008c 00000000 	  .word     CAN1_TX_IRQHandler                /* CAN1 TX                      */                   
 174 0090 00000000 	  .word     CAN1_RX0_IRQHandler               /* CAN1 RX0                     */                   
 175 0094 00000000 	  .word     CAN1_RX1_IRQHandler               /* CAN1 RX1                     */                   
 176 0098 00000000 	  .word     CAN1_SCE_IRQHandler               /* CAN1 SCE                     */                   
 177 009c 00000000 	  .word     EXTI9_5_IRQHandler                /* External Line[9:5]s          */                   
 178 00a0 00000000 	  .word     TIM1_BRK_TIM9_IRQHandler          /* TIM1 Break and TIM9          */         
 179 00a4 00000000 	  .word     TIM1_UP_TIM10_IRQHandler          /* TIM1 Update and TIM10        */         
 180 00a8 00000000 	  .word     TIM1_TRG_COM_TIM11_IRQHandler     /* TIM1 Trigger and Commutation and TIM11 */
 181 00ac 00000000 	  .word     TIM1_CC_IRQHandler                /* TIM1 Capture Compare         */                   
 182 00b0 00000000 	  .word     TIM2_IRQHandler                   /* TIM2                         */                   
 183 00b4 00000000 	  .word     TIM3_IRQHandler                   /* TIM3                         */                   
 184 00b8 00000000 	  .word     TIM4_IRQHandler                   /* TIM4                         */                   
 185 00bc 00000000 	  .word     I2C1_EV_IRQHandler                /* I2C1 Event                   */                   
 186 00c0 00000000 	  .word     I2C1_ER_IRQHandler                /* I2C1 Error                   */                   
 187 00c4 00000000 	  .word     I2C2_EV_IRQHandler                /* I2C2 Event                   */                   
 188 00c8 00000000 	  .word     I2C2_ER_IRQHandler                /* I2C2 Error                   */                   
 189 00cc 00000000 	  .word     SPI1_IRQHandler                   /* SPI1                         */                   
 190 00d0 00000000 	  .word     SPI2_IRQHandler                   /* SPI2                         */                   
 191 00d4 00000000 	  .word     USART1_IRQHandler                 /* USART1                       */                   
 192 00d8 00000000 	  .word     USART2_IRQHandler                 /* USART2                       */                   
 193 00dc 00000000 	  .word     USART3_IRQHandler                 /* USART3                       */                   
 194 00e0 00000000 	  .word     EXTI15_10_IRQHandler              /* External Line[15:10]s        */                   
 195 00e4 00000000 	  .word     RTC_Alarm_IRQHandler              /* RTC Alarm (A and B) through EXTI Line */          
 196 00e8 00000000 	  .word     OTG_FS_WKUP_IRQHandler            /* USB OTG FS Wakeup through EXTI line */            
 197 00ec 00000000 	  .word     TIM8_BRK_TIM12_IRQHandler         /* TIM8 Break and TIM12         */         
 198 00f0 00000000 	  .word     TIM8_UP_TIM13_IRQHandler          /* TIM8 Update and TIM13        */         
 199 00f4 00000000 	  .word     TIM8_TRG_COM_TIM14_IRQHandler     /* TIM8 Trigger and Commutation and TIM14 */
 200 00f8 00000000 	  .word     TIM8_CC_IRQHandler                /* TIM8 Capture Compare         */                   
 201 00fc 00000000 	  .word     DMA1_Stream7_IRQHandler           /* DMA1 Stream7                 */                   
 202 0100 00000000 	  .word     FSMC_IRQHandler                   /* FSMC                         */                   
 203 0104 00000000 	  .word     SDIO_IRQHandler                   /* SDIO                         */                   
 204 0108 00000000 	  .word     TIM5_IRQHandler                   /* TIM5                         */                   
 205 010c 00000000 	  .word     SPI3_IRQHandler                   /* SPI3                         */                   
 206 0110 00000000 	  .word     UART4_IRQHandler                  /* UART4                        */                   
 207 0114 00000000 	  .word     UART5_IRQHandler                  /* UART5                        */                   
 208 0118 00000000 	  .word     TIM6_DAC_IRQHandler               /* TIM6 and DAC1&2 underrun errors */                
 209 011c 00000000 	  .word     TIM7_IRQHandler                   /* TIM7                         */
 210 0120 00000000 	  .word     DMA2_Stream0_IRQHandler           /* DMA2 Stream 0                */                   
 211 0124 00000000 	  .word     DMA2_Stream1_IRQHandler           /* DMA2 Stream 1                */                   
 212 0128 00000000 	  .word     DMA2_Stream2_IRQHandler           /* DMA2 Stream 2                */                   
 213 012c 00000000 	  .word     DMA2_Stream3_IRQHandler           /* DMA2 Stream 3                */                   
 214 0130 00000000 	  .word     DMA2_Stream4_IRQHandler           /* DMA2 Stream 4                */                   
 215 0134 00000000 	  .word     ETH_IRQHandler                    /* Ethernet                     */                   
 216 0138 00000000 	  .word     ETH_WKUP_IRQHandler               /* Ethernet Wakeup through EXTI line */              
 217 013c 00000000 	  .word     CAN2_TX_IRQHandler                /* CAN2 TX                      */                   
 218 0140 00000000 	  .word     CAN2_RX0_IRQHandler               /* CAN2 RX0                     */                   
 219 0144 00000000 	  .word     CAN2_RX1_IRQHandler               /* CAN2 RX1                     */                   
 220 0148 00000000 	  .word     CAN2_SCE_IRQHandler               /* CAN2 SCE                     */                   
 221 014c 00000000 	  .word     OTG_FS_IRQHandler                 /* USB OTG FS                   */                   
 222 0150 00000000 	  .word     DMA2_Stream5_IRQHandler           /* DMA2 Stream 5                */                   
 223 0154 00000000 	  .word     DMA2_Stream6_IRQHandler           /* DMA2 Stream 6                */                   
 224 0158 00000000 	  .word     DMA2_Stream7_IRQHandler           /* DMA2 Stream 7                */                   
 225 015c 00000000 	  .word     USART6_IRQHandler                 /* USART6                       */                   
ARM GAS  C:\Users\pg1415\AppData\Local\Temp\ccsoNQaF.s 			page 5


 226 0160 00000000 	  .word     I2C3_EV_IRQHandler                /* I2C3 event                   */                   
 227 0164 00000000 	  .word     I2C3_ER_IRQHandler                /* I2C3 error                   */                   
 228 0168 00000000 	  .word     OTG_HS_EP1_OUT_IRQHandler         /* USB OTG HS End Point 1 Out   */                   
 229 016c 00000000 	  .word     OTG_HS_EP1_IN_IRQHandler          /* USB OTG HS End Point 1 In    */                   
 230 0170 00000000 	  .word     OTG_HS_WKUP_IRQHandler            /* USB OTG HS Wakeup through EXTI */                 
 231 0174 00000000 	  .word     OTG_HS_IRQHandler                 /* USB OTG HS                   */                   
 232 0178 00000000 	  .word     DCMI_IRQHandler                   /* DCMI                         */                   
 233 017c 00000000 	  .word     CRYP_IRQHandler                   /* CRYP crypto                  */                   
 234 0180 00000000 	  .word     HASH_RNG_IRQHandler               /* Hash and Rng                 */
 235 0184 00000000 	  .word     FPU_IRQHandler                    /* FPU                          */
 236 0188 00000000 	  .word     UART7_IRQHandler                  /* UART7                        */
 237 018c 00000000 	  .word     UART8_IRQHandler                  /* UART8                        */
 238 0190 00000000 	  .word     SPI4_IRQHandler                   /* SPI4                         */
 239 0194 00000000 	  .word     SPI5_IRQHandler                   /* SPI5                         */
 240 0198 00000000 	  .word     SPI6_IRQHandler                   /* SPI6                         */
 241 019c 00000000 	  .word     SAI1_IRQHandler                   /* SAI1                         */
 242 01a0 00000000 	  .word     LTDC_IRQHandler                   /* LTDC                         */
 243 01a4 00000000 	  .word     LTDC_ER_IRQHandler                /* LTDC error                   */
 244 01a8 00000000 	  .word     DMA2D_IRQHandler                  /* DMA2D                        */
 245              	                        
 246              	/*******************************************************************************
 247              	*
 248              	* Provide weak aliases for each Exception handler to the Default_Handler. 
 249              	* As they are weak aliases, any function with the same name will override 
 250              	* this definition.
 251              	* 
 252              	*******************************************************************************/
 253              	   .weak      NMI_Handler
 254              	   .thumb_set NMI_Handler,Default_Handler
 255              	  
 256              	   .weak      HardFault_Handler
 257              	   .thumb_set HardFault_Handler,Default_Handler
 258              	  
 259              	   .weak      MemManage_Handler
 260              	   .thumb_set MemManage_Handler,Default_Handler
 261              	  
 262              	   .weak      BusFault_Handler
 263              	   .thumb_set BusFault_Handler,Default_Handler
 264              	
 265              	   .weak      UsageFault_Handler
 266              	   .thumb_set UsageFault_Handler,Default_Handler
 267              	
 268              	   .weak      SVC_Handler
 269              	   .thumb_set SVC_Handler,Default_Handler
 270              	
 271              	   .weak      DebugMon_Handler
 272              	   .thumb_set DebugMon_Handler,Default_Handler
 273              	
 274              	   .weak      PendSV_Handler
 275              	   .thumb_set PendSV_Handler,Default_Handler
 276              	
 277              	   .weak      SysTick_Handler
 278              	   .thumb_set SysTick_Handler,Default_Handler              
 279              	  
 280              	   .weak      WWDG_IRQHandler                   
 281              	   .thumb_set WWDG_IRQHandler,Default_Handler      
 282              	                  
ARM GAS  C:\Users\pg1415\AppData\Local\Temp\ccsoNQaF.s 			page 6


 283              	   .weak      PVD_IRQHandler      
 284              	   .thumb_set PVD_IRQHandler,Default_Handler
 285              	               
 286              	   .weak      TAMP_STAMP_IRQHandler            
 287              	   .thumb_set TAMP_STAMP_IRQHandler,Default_Handler
 288              	            
 289              	   .weak      RTC_WKUP_IRQHandler                  
 290              	   .thumb_set RTC_WKUP_IRQHandler,Default_Handler
 291              	            
 292              	   .weak      FLASH_IRQHandler         
 293              	   .thumb_set FLASH_IRQHandler,Default_Handler
 294              	                  
 295              	   .weak      RCC_IRQHandler      
 296              	   .thumb_set RCC_IRQHandler,Default_Handler
 297              	                  
 298              	   .weak      EXTI0_IRQHandler         
 299              	   .thumb_set EXTI0_IRQHandler,Default_Handler
 300              	                  
 301              	   .weak      EXTI1_IRQHandler         
 302              	   .thumb_set EXTI1_IRQHandler,Default_Handler
 303              	                     
 304              	   .weak      EXTI2_IRQHandler         
 305              	   .thumb_set EXTI2_IRQHandler,Default_Handler 
 306              	                 
 307              	   .weak      EXTI3_IRQHandler         
 308              	   .thumb_set EXTI3_IRQHandler,Default_Handler
 309              	                        
 310              	   .weak      EXTI4_IRQHandler         
 311              	   .thumb_set EXTI4_IRQHandler,Default_Handler
 312              	                  
 313              	   .weak      DMA1_Stream0_IRQHandler               
 314              	   .thumb_set DMA1_Stream0_IRQHandler,Default_Handler
 315              	         
 316              	   .weak      DMA1_Stream1_IRQHandler               
 317              	   .thumb_set DMA1_Stream1_IRQHandler,Default_Handler
 318              	                  
 319              	   .weak      DMA1_Stream2_IRQHandler               
 320              	   .thumb_set DMA1_Stream2_IRQHandler,Default_Handler
 321              	                  
 322              	   .weak      DMA1_Stream3_IRQHandler               
 323              	   .thumb_set DMA1_Stream3_IRQHandler,Default_Handler 
 324              	                 
 325              	   .weak      DMA1_Stream4_IRQHandler              
 326              	   .thumb_set DMA1_Stream4_IRQHandler,Default_Handler
 327              	                  
 328              	   .weak      DMA1_Stream5_IRQHandler               
 329              	   .thumb_set DMA1_Stream5_IRQHandler,Default_Handler
 330              	                  
 331              	   .weak      DMA1_Stream6_IRQHandler               
 332              	   .thumb_set DMA1_Stream6_IRQHandler,Default_Handler
 333              	                  
 334              	   .weak      ADC_IRQHandler      
 335              	   .thumb_set ADC_IRQHandler,Default_Handler
 336              	               
 337              	   .weak      CAN1_TX_IRQHandler   
 338              	   .thumb_set CAN1_TX_IRQHandler,Default_Handler
 339              	            
ARM GAS  C:\Users\pg1415\AppData\Local\Temp\ccsoNQaF.s 			page 7


 340              	   .weak      CAN1_RX0_IRQHandler                  
 341              	   .thumb_set CAN1_RX0_IRQHandler,Default_Handler
 342              	                           
 343              	   .weak      CAN1_RX1_IRQHandler                  
 344              	   .thumb_set CAN1_RX1_IRQHandler,Default_Handler
 345              	            
 346              	   .weak      CAN1_SCE_IRQHandler                  
 347              	   .thumb_set CAN1_SCE_IRQHandler,Default_Handler
 348              	            
 349              	   .weak      EXTI9_5_IRQHandler   
 350              	   .thumb_set EXTI9_5_IRQHandler,Default_Handler
 351              	            
 352              	   .weak      TIM1_BRK_TIM9_IRQHandler            
 353              	   .thumb_set TIM1_BRK_TIM9_IRQHandler,Default_Handler
 354              	            
 355              	   .weak      TIM1_UP_TIM10_IRQHandler            
 356              	   .thumb_set TIM1_UP_TIM10_IRQHandler,Default_Handler
 357              	      
 358              	   .weak      TIM1_TRG_COM_TIM11_IRQHandler      
 359              	   .thumb_set TIM1_TRG_COM_TIM11_IRQHandler,Default_Handler
 360              	      
 361              	   .weak      TIM1_CC_IRQHandler   
 362              	   .thumb_set TIM1_CC_IRQHandler,Default_Handler
 363              	                  
 364              	   .weak      TIM2_IRQHandler            
 365              	   .thumb_set TIM2_IRQHandler,Default_Handler
 366              	                  
 367              	   .weak      TIM3_IRQHandler            
 368              	   .thumb_set TIM3_IRQHandler,Default_Handler
 369              	                  
 370              	   .weak      TIM4_IRQHandler            
 371              	   .thumb_set TIM4_IRQHandler,Default_Handler
 372              	                  
 373              	   .weak      I2C1_EV_IRQHandler   
 374              	   .thumb_set I2C1_EV_IRQHandler,Default_Handler
 375              	                     
 376              	   .weak      I2C1_ER_IRQHandler   
 377              	   .thumb_set I2C1_ER_IRQHandler,Default_Handler
 378              	                     
 379              	   .weak      I2C2_EV_IRQHandler   
 380              	   .thumb_set I2C2_EV_IRQHandler,Default_Handler
 381              	                  
 382              	   .weak      I2C2_ER_IRQHandler   
 383              	   .thumb_set I2C2_ER_IRQHandler,Default_Handler
 384              	                           
 385              	   .weak      SPI1_IRQHandler            
 386              	   .thumb_set SPI1_IRQHandler,Default_Handler
 387              	                        
 388              	   .weak      SPI2_IRQHandler            
 389              	   .thumb_set SPI2_IRQHandler,Default_Handler
 390              	                  
 391              	   .weak      USART1_IRQHandler      
 392              	   .thumb_set USART1_IRQHandler,Default_Handler
 393              	                     
 394              	   .weak      USART2_IRQHandler      
 395              	   .thumb_set USART2_IRQHandler,Default_Handler
 396              	                     
ARM GAS  C:\Users\pg1415\AppData\Local\Temp\ccsoNQaF.s 			page 8


 397              	   .weak      USART3_IRQHandler      
 398              	   .thumb_set USART3_IRQHandler,Default_Handler
 399              	                  
 400              	   .weak      EXTI15_10_IRQHandler               
 401              	   .thumb_set EXTI15_10_IRQHandler,Default_Handler
 402              	               
 403              	   .weak      RTC_Alarm_IRQHandler               
 404              	   .thumb_set RTC_Alarm_IRQHandler,Default_Handler
 405              	            
 406              	   .weak      OTG_FS_WKUP_IRQHandler         
 407              	   .thumb_set OTG_FS_WKUP_IRQHandler,Default_Handler
 408              	            
 409              	   .weak      TIM8_BRK_TIM12_IRQHandler         
 410              	   .thumb_set TIM8_BRK_TIM12_IRQHandler,Default_Handler
 411              	         
 412              	   .weak      TIM8_UP_TIM13_IRQHandler            
 413              	   .thumb_set TIM8_UP_TIM13_IRQHandler,Default_Handler
 414              	         
 415              	   .weak      TIM8_TRG_COM_TIM14_IRQHandler      
 416              	   .thumb_set TIM8_TRG_COM_TIM14_IRQHandler,Default_Handler
 417              	      
 418              	   .weak      TIM8_CC_IRQHandler   
 419              	   .thumb_set TIM8_CC_IRQHandler,Default_Handler
 420              	                  
 421              	   .weak      DMA1_Stream7_IRQHandler               
 422              	   .thumb_set DMA1_Stream7_IRQHandler,Default_Handler
 423              	                     
 424              	   .weak      FSMC_IRQHandler            
 425              	   .thumb_set FSMC_IRQHandler,Default_Handler
 426              	                     
 427              	   .weak      SDIO_IRQHandler            
 428              	   .thumb_set SDIO_IRQHandler,Default_Handler
 429              	                     
 430              	   .weak      TIM5_IRQHandler            
 431              	   .thumb_set TIM5_IRQHandler,Default_Handler
 432              	                     
 433              	   .weak      SPI3_IRQHandler            
 434              	   .thumb_set SPI3_IRQHandler,Default_Handler
 435              	                     
 436              	   .weak      UART4_IRQHandler         
 437              	   .thumb_set UART4_IRQHandler,Default_Handler
 438              	                  
 439              	   .weak      UART5_IRQHandler         
 440              	   .thumb_set UART5_IRQHandler,Default_Handler
 441              	                  
 442              	   .weak      TIM6_DAC_IRQHandler                  
 443              	   .thumb_set TIM6_DAC_IRQHandler,Default_Handler
 444              	               
 445              	   .weak      TIM7_IRQHandler            
 446              	   .thumb_set TIM7_IRQHandler,Default_Handler
 447              	         
 448              	   .weak      DMA2_Stream0_IRQHandler               
 449              	   .thumb_set DMA2_Stream0_IRQHandler,Default_Handler
 450              	               
 451              	   .weak      DMA2_Stream1_IRQHandler               
 452              	   .thumb_set DMA2_Stream1_IRQHandler,Default_Handler
 453              	                  
ARM GAS  C:\Users\pg1415\AppData\Local\Temp\ccsoNQaF.s 			page 9


 454              	   .weak      DMA2_Stream2_IRQHandler               
 455              	   .thumb_set DMA2_Stream2_IRQHandler,Default_Handler
 456              	            
 457              	   .weak      DMA2_Stream3_IRQHandler               
 458              	   .thumb_set DMA2_Stream3_IRQHandler,Default_Handler
 459              	            
 460              	   .weak      DMA2_Stream4_IRQHandler               
 461              	   .thumb_set DMA2_Stream4_IRQHandler,Default_Handler
 462              	            
 463              	   .weak      ETH_IRQHandler      
 464              	   .thumb_set ETH_IRQHandler,Default_Handler
 465              	                  
 466              	   .weak      ETH_WKUP_IRQHandler                  
 467              	   .thumb_set ETH_WKUP_IRQHandler,Default_Handler
 468              	            
 469              	   .weak      CAN2_TX_IRQHandler   
 470              	   .thumb_set CAN2_TX_IRQHandler,Default_Handler
 471              	                           
 472              	   .weak      CAN2_RX0_IRQHandler                  
 473              	   .thumb_set CAN2_RX0_IRQHandler,Default_Handler
 474              	                           
 475              	   .weak      CAN2_RX1_IRQHandler                  
 476              	   .thumb_set CAN2_RX1_IRQHandler,Default_Handler
 477              	                           
 478              	   .weak      CAN2_SCE_IRQHandler                  
 479              	   .thumb_set CAN2_SCE_IRQHandler,Default_Handler
 480              	                           
 481              	   .weak      OTG_FS_IRQHandler      
 482              	   .thumb_set OTG_FS_IRQHandler,Default_Handler
 483              	                     
 484              	   .weak      DMA2_Stream5_IRQHandler               
 485              	   .thumb_set DMA2_Stream5_IRQHandler,Default_Handler
 486              	                  
 487              	   .weak      DMA2_Stream6_IRQHandler               
 488              	   .thumb_set DMA2_Stream6_IRQHandler,Default_Handler
 489              	                  
 490              	   .weak      DMA2_Stream7_IRQHandler               
 491              	   .thumb_set DMA2_Stream7_IRQHandler,Default_Handler
 492              	                  
 493              	   .weak      USART6_IRQHandler      
 494              	   .thumb_set USART6_IRQHandler,Default_Handler
 495              	                        
 496              	   .weak      I2C3_EV_IRQHandler   
 497              	   .thumb_set I2C3_EV_IRQHandler,Default_Handler
 498              	                        
 499              	   .weak      I2C3_ER_IRQHandler   
 500              	   .thumb_set I2C3_ER_IRQHandler,Default_Handler
 501              	                        
 502              	   .weak      OTG_HS_EP1_OUT_IRQHandler         
 503              	   .thumb_set OTG_HS_EP1_OUT_IRQHandler,Default_Handler
 504              	               
 505              	   .weak      OTG_HS_EP1_IN_IRQHandler            
 506              	   .thumb_set OTG_HS_EP1_IN_IRQHandler,Default_Handler
 507              	               
 508              	   .weak      OTG_HS_WKUP_IRQHandler         
 509              	   .thumb_set OTG_HS_WKUP_IRQHandler,Default_Handler
 510              	            
ARM GAS  C:\Users\pg1415\AppData\Local\Temp\ccsoNQaF.s 			page 10


 511              	   .weak      OTG_HS_IRQHandler      
 512              	   .thumb_set OTG_HS_IRQHandler,Default_Handler
 513              	                  
 514              	   .weak      DCMI_IRQHandler            
 515              	   .thumb_set DCMI_IRQHandler,Default_Handler
 516              	                     
 517              	   .weak      CRYP_IRQHandler            
 518              	   .thumb_set CRYP_IRQHandler,Default_Handler
 519              	               
 520              	   .weak      HASH_RNG_IRQHandler                  
 521              	   .thumb_set HASH_RNG_IRQHandler,Default_Handler   
 522              	
 523              	   .weak      FPU_IRQHandler                  
 524              	   .thumb_set FPU_IRQHandler,Default_Handler  
 525              	
 526              	   .weak      UART7_IRQHandler                  
 527              	   .thumb_set UART7_IRQHandler,Default_Handler                   
 528              	   
 529              	   .weak      UART8_IRQHandler                  
 530              	   .thumb_set UART8_IRQHandler,Default_Handler 
 531              	   
 532              	   .weak      SPI4_IRQHandler                   
 533              	   .thumb_set SPI4_IRQHandler,Default_Handler 
 534              	   
 535              	   .weak      SPI5_IRQHandler                   
 536              	   .thumb_set SPI5_IRQHandler,Default_Handler 
 537              	   
 538              	   .weak      SPI6_IRQHandler
 539              	   .thumb_set SPI6_IRQHandler,Default_Handler
 540              	   
 541              	   .weak      SAI1_IRQHandler
 542              	   .thumb_set SAI1_IRQHandler,Default_Handler 
 543              	   
 544              	   .weak      LTDC_IRQHandler
 545              	   .thumb_set LTDC_IRQHandler,Default_Handler 
 546              	   
 547              	   .weak      LTDC_ER_IRQHandler
 548              	   .thumb_set LTDC_ER_IRQHandler,Default_Handler 
 549              	   
 550              	   .weak      DMA2D_IRQHandler
 551              	   .thumb_set DMA2D_IRQHandler,Default_Handler 
ARM GAS  C:\Users\pg1415\AppData\Local\Temp\ccsoNQaF.s 			page 11


DEFINED SYMBOLS
src/startup_stm32f4xx.asm:135    .isr_vector:00000000 g_pfnVectors
src/startup_stm32f4xx.asm:119    .text.Default_Handler:00000000 Default_Handler
src/startup_stm32f4xx.asm:72     .text.Reset_Handler:00000000 Reset_Handler
src/startup_stm32f4xx.asm:75     .text.Reset_Handler:00000000 $t
src/startup_stm32f4xx.asm:84     .text.Reset_Handler:0000000e LoopCopyDataInit
src/startup_stm32f4xx.asm:78     .text.Reset_Handler:00000006 CopyDataInit
src/startup_stm32f4xx.asm:97     .text.Reset_Handler:00000026 LoopFillZerobss
src/startup_stm32f4xx.asm:93     .text.Reset_Handler:00000020 FillZerobss
src/startup_stm32f4xx.asm:120    .text.Default_Handler:00000000 Infinite_Loop
src/startup_stm32f4xx.asm:121    .text.Default_Handler:00000000 $t
src/startup_stm32f4xx.asm:119    .text.Default_Handler:00000000 NMI_Handler
src/startup_stm32f4xx.asm:119    .text.Default_Handler:00000000 HardFault_Handler
src/startup_stm32f4xx.asm:119    .text.Default_Handler:00000000 MemManage_Handler
src/startup_stm32f4xx.asm:119    .text.Default_Handler:00000000 BusFault_Handler
src/startup_stm32f4xx.asm:119    .text.Default_Handler:00000000 UsageFault_Handler
src/startup_stm32f4xx.asm:119    .text.Default_Handler:00000000 DebugMon_Handler
src/startup_stm32f4xx.asm:119    .text.Default_Handler:00000000 SysTick_Handler
src/startup_stm32f4xx.asm:119    .text.Default_Handler:00000000 WWDG_IRQHandler
src/startup_stm32f4xx.asm:119    .text.Default_Handler:00000000 PVD_IRQHandler
src/startup_stm32f4xx.asm:119    .text.Default_Handler:00000000 TAMP_STAMP_IRQHandler
src/startup_stm32f4xx.asm:119    .text.Default_Handler:00000000 RTC_WKUP_IRQHandler
src/startup_stm32f4xx.asm:119    .text.Default_Handler:00000000 FLASH_IRQHandler
src/startup_stm32f4xx.asm:119    .text.Default_Handler:00000000 RCC_IRQHandler
src/startup_stm32f4xx.asm:119    .text.Default_Handler:00000000 EXTI0_IRQHandler
src/startup_stm32f4xx.asm:119    .text.Default_Handler:00000000 EXTI1_IRQHandler
src/startup_stm32f4xx.asm:119    .text.Default_Handler:00000000 EXTI2_IRQHandler
src/startup_stm32f4xx.asm:119    .text.Default_Handler:00000000 EXTI3_IRQHandler
src/startup_stm32f4xx.asm:119    .text.Default_Handler:00000000 EXTI4_IRQHandler
src/startup_stm32f4xx.asm:119    .text.Default_Handler:00000000 DMA1_Stream0_IRQHandler
src/startup_stm32f4xx.asm:119    .text.Default_Handler:00000000 DMA1_Stream1_IRQHandler
src/startup_stm32f4xx.asm:119    .text.Default_Handler:00000000 DMA1_Stream2_IRQHandler
src/startup_stm32f4xx.asm:119    .text.Default_Handler:00000000 DMA1_Stream3_IRQHandler
src/startup_stm32f4xx.asm:119    .text.Default_Handler:00000000 DMA1_Stream4_IRQHandler
src/startup_stm32f4xx.asm:119    .text.Default_Handler:00000000 DMA1_Stream5_IRQHandler
src/startup_stm32f4xx.asm:119    .text.Default_Handler:00000000 DMA1_Stream6_IRQHandler
src/startup_stm32f4xx.asm:119    .text.Default_Handler:00000000 ADC_IRQHandler
src/startup_stm32f4xx.asm:119    .text.Default_Handler:00000000 CAN1_TX_IRQHandler
src/startup_stm32f4xx.asm:119    .text.Default_Handler:00000000 CAN1_RX0_IRQHandler
src/startup_stm32f4xx.asm:119    .text.Default_Handler:00000000 CAN1_RX1_IRQHandler
src/startup_stm32f4xx.asm:119    .text.Default_Handler:00000000 CAN1_SCE_IRQHandler
src/startup_stm32f4xx.asm:119    .text.Default_Handler:00000000 EXTI9_5_IRQHandler
src/startup_stm32f4xx.asm:119    .text.Default_Handler:00000000 TIM1_BRK_TIM9_IRQHandler
src/startup_stm32f4xx.asm:119    .text.Default_Handler:00000000 TIM1_UP_TIM10_IRQHandler
src/startup_stm32f4xx.asm:119    .text.Default_Handler:00000000 TIM1_TRG_COM_TIM11_IRQHandler
src/startup_stm32f4xx.asm:119    .text.Default_Handler:00000000 TIM1_CC_IRQHandler
src/startup_stm32f4xx.asm:119    .text.Default_Handler:00000000 TIM2_IRQHandler
src/startup_stm32f4xx.asm:119    .text.Default_Handler:00000000 TIM3_IRQHandler
src/startup_stm32f4xx.asm:119    .text.Default_Handler:00000000 TIM4_IRQHandler
src/startup_stm32f4xx.asm:119    .text.Default_Handler:00000000 I2C1_EV_IRQHandler
src/startup_stm32f4xx.asm:119    .text.Default_Handler:00000000 I2C1_ER_IRQHandler
src/startup_stm32f4xx.asm:119    .text.Default_Handler:00000000 I2C2_EV_IRQHandler
src/startup_stm32f4xx.asm:119    .text.Default_Handler:00000000 I2C2_ER_IRQHandler
src/startup_stm32f4xx.asm:119    .text.Default_Handler:00000000 SPI1_IRQHandler
src/startup_stm32f4xx.asm:119    .text.Default_Handler:00000000 SPI2_IRQHandler
src/startup_stm32f4xx.asm:119    .text.Default_Handler:00000000 USART1_IRQHandler
src/startup_stm32f4xx.asm:119    .text.Default_Handler:00000000 USART2_IRQHandler
ARM GAS  C:\Users\pg1415\AppData\Local\Temp\ccsoNQaF.s 			page 12


src/startup_stm32f4xx.asm:119    .text.Default_Handler:00000000 USART3_IRQHandler
src/startup_stm32f4xx.asm:119    .text.Default_Handler:00000000 EXTI15_10_IRQHandler
src/startup_stm32f4xx.asm:119    .text.Default_Handler:00000000 RTC_Alarm_IRQHandler
src/startup_stm32f4xx.asm:119    .text.Default_Handler:00000000 OTG_FS_WKUP_IRQHandler
src/startup_stm32f4xx.asm:119    .text.Default_Handler:00000000 TIM8_BRK_TIM12_IRQHandler
src/startup_stm32f4xx.asm:119    .text.Default_Handler:00000000 TIM8_UP_TIM13_IRQHandler
src/startup_stm32f4xx.asm:119    .text.Default_Handler:00000000 TIM8_TRG_COM_TIM14_IRQHandler
src/startup_stm32f4xx.asm:119    .text.Default_Handler:00000000 TIM8_CC_IRQHandler
src/startup_stm32f4xx.asm:119    .text.Default_Handler:00000000 DMA1_Stream7_IRQHandler
src/startup_stm32f4xx.asm:119    .text.Default_Handler:00000000 FSMC_IRQHandler
src/startup_stm32f4xx.asm:119    .text.Default_Handler:00000000 SDIO_IRQHandler
src/startup_stm32f4xx.asm:119    .text.Default_Handler:00000000 TIM5_IRQHandler
src/startup_stm32f4xx.asm:119    .text.Default_Handler:00000000 SPI3_IRQHandler
src/startup_stm32f4xx.asm:119    .text.Default_Handler:00000000 UART4_IRQHandler
src/startup_stm32f4xx.asm:119    .text.Default_Handler:00000000 UART5_IRQHandler
src/startup_stm32f4xx.asm:119    .text.Default_Handler:00000000 TIM6_DAC_IRQHandler
src/startup_stm32f4xx.asm:119    .text.Default_Handler:00000000 TIM7_IRQHandler
src/startup_stm32f4xx.asm:119    .text.Default_Handler:00000000 DMA2_Stream0_IRQHandler
src/startup_stm32f4xx.asm:119    .text.Default_Handler:00000000 DMA2_Stream1_IRQHandler
src/startup_stm32f4xx.asm:119    .text.Default_Handler:00000000 DMA2_Stream2_IRQHandler
src/startup_stm32f4xx.asm:119    .text.Default_Handler:00000000 DMA2_Stream3_IRQHandler
src/startup_stm32f4xx.asm:119    .text.Default_Handler:00000000 DMA2_Stream4_IRQHandler
src/startup_stm32f4xx.asm:119    .text.Default_Handler:00000000 ETH_IRQHandler
src/startup_stm32f4xx.asm:119    .text.Default_Handler:00000000 ETH_WKUP_IRQHandler
src/startup_stm32f4xx.asm:119    .text.Default_Handler:00000000 CAN2_TX_IRQHandler
src/startup_stm32f4xx.asm:119    .text.Default_Handler:00000000 CAN2_RX0_IRQHandler
src/startup_stm32f4xx.asm:119    .text.Default_Handler:00000000 CAN2_RX1_IRQHandler
src/startup_stm32f4xx.asm:119    .text.Default_Handler:00000000 CAN2_SCE_IRQHandler
src/startup_stm32f4xx.asm:119    .text.Default_Handler:00000000 OTG_FS_IRQHandler
src/startup_stm32f4xx.asm:119    .text.Default_Handler:00000000 DMA2_Stream5_IRQHandler
src/startup_stm32f4xx.asm:119    .text.Default_Handler:00000000 DMA2_Stream6_IRQHandler
src/startup_stm32f4xx.asm:119    .text.Default_Handler:00000000 DMA2_Stream7_IRQHandler
src/startup_stm32f4xx.asm:119    .text.Default_Handler:00000000 USART6_IRQHandler
src/startup_stm32f4xx.asm:119    .text.Default_Handler:00000000 I2C3_EV_IRQHandler
src/startup_stm32f4xx.asm:119    .text.Default_Handler:00000000 I2C3_ER_IRQHandler
src/startup_stm32f4xx.asm:119    .text.Default_Handler:00000000 OTG_HS_EP1_OUT_IRQHandler
src/startup_stm32f4xx.asm:119    .text.Default_Handler:00000000 OTG_HS_EP1_IN_IRQHandler
src/startup_stm32f4xx.asm:119    .text.Default_Handler:00000000 OTG_HS_WKUP_IRQHandler
src/startup_stm32f4xx.asm:119    .text.Default_Handler:00000000 OTG_HS_IRQHandler
src/startup_stm32f4xx.asm:119    .text.Default_Handler:00000000 DCMI_IRQHandler
src/startup_stm32f4xx.asm:119    .text.Default_Handler:00000000 CRYP_IRQHandler
src/startup_stm32f4xx.asm:119    .text.Default_Handler:00000000 HASH_RNG_IRQHandler
src/startup_stm32f4xx.asm:119    .text.Default_Handler:00000000 FPU_IRQHandler
src/startup_stm32f4xx.asm:119    .text.Default_Handler:00000000 UART7_IRQHandler
src/startup_stm32f4xx.asm:119    .text.Default_Handler:00000000 UART8_IRQHandler
src/startup_stm32f4xx.asm:119    .text.Default_Handler:00000000 SPI4_IRQHandler
src/startup_stm32f4xx.asm:119    .text.Default_Handler:00000000 SPI5_IRQHandler
src/startup_stm32f4xx.asm:119    .text.Default_Handler:00000000 SPI6_IRQHandler
src/startup_stm32f4xx.asm:119    .text.Default_Handler:00000000 SAI1_IRQHandler
src/startup_stm32f4xx.asm:119    .text.Default_Handler:00000000 LTDC_IRQHandler
src/startup_stm32f4xx.asm:119    .text.Default_Handler:00000000 LTDC_ER_IRQHandler
src/startup_stm32f4xx.asm:119    .text.Default_Handler:00000000 DMA2D_IRQHandler
src/startup_stm32f4xx.asm:119    .text.Default_Handler:00000000 SVC_Handler
src/startup_stm32f4xx.asm:119    .text.Default_Handler:00000000 PendSV_Handler
src/startup_stm32f4xx.asm:118    .text.Reset_Handler:00000038 $d
                   .debug_aranges:0000000c $d

ARM GAS  C:\Users\pg1415\AppData\Local\Temp\ccsoNQaF.s 			page 13


UNDEFINED SYMBOLS
_sidata
_sdata
_edata
_sbss
_ebss
SystemInit
main
_estack
